<?xml version="1.0" encoding="UTF-8"?>
<testsuite xmlns:xsi="http://www.w3.org/2001/XMLSchema-instance" xsi:noNamespaceSchemaLocation="https://maven.apache.org/surefire/maven-surefire-plugin/xsd/surefire-test-report-3.0.xsd" version="3.0" name="CILabTest" time="0.155" tests="3" errors="0" skipped="0" failures="0">
  <properties>
[...]
</properties>
  <testcase name="detectCapitalUseTest1" classname="CILabTest" time="0.102"/>
  <testcase name="detectCapitalUseTest2" classname="CILabTest" time="0.003"/>
  <testcase name="detectCapitalUserTest3" classname="CILabTest" time="0.003"/>
</testsuite>